<?xml version="1.0" encoding="UTF-8"?>
<testng-results skipped="0" failed="0" ignored="0" total="1" passed="1">
  <reporter-output>
  </reporter-output>
  <suite name="Default suite" duration-ms="20292" started-at="2021-09-19T04:16:46Z" finished-at="2021-09-19T04:17:06Z">
    <groups>
    </groups>
    <test name="Default test" duration-ms="20292" started-at="2021-09-19T04:16:46Z" finished-at="2021-09-19T04:17:06Z">
      <class name="com.waitEx.WaitEx">
        <test-method status="PASS" signature="test01()[pri:0, instance:com.waitEx.WaitEx@7c16905e]" name="test01" duration-ms="20178" started-at="2021-09-19T09:46:46Z" finished-at="2021-09-19T09:47:06Z">
          <reporter-output>
          </reporter-output>
        </test-method> <!-- test01 -->
      </class> <!-- com.waitEx.WaitEx -->
    </test> <!-- Default test -->
  </suite> <!-- Default suite -->
</testng-results>
