<?xml version="1.0" encoding="UTF-8"?>
<!-- Generated by org.testng.reporters.JUnitXMLReporter -->
<testsuite hostname="DESKTOP-89OTHQ5" ignored="0" name="Test" tests="6" failures="3" timestamp="18 Sep 2021 04:08:46 GMT" time="14.974" errors="0">
  <testcase name="test01" time="8.507" classname="com.tests.DemoTest"/>
  <testcase name="test02" time="0.012" classname="com.tests.DemoTest">
    <failure type="java.lang.AssertionError" message="expected [true] but found [false]">
      <![CDATA[java.lang.AssertionError: expected [true] but found [false]
	at com.tests.DemoTest.test02(DemoTest.java:26)
... Removed 29 stack frames]]>
    </failure>
  </testcase> <!-- test02 -->
  <testcase name="test03" time="0.039" classname="com.tests.DemoTest">
    <skipped/>
  </testcase> <!-- test03 -->
  <testcase name="test01" time="6.251" classname="com.tests.DemoTest2">
    <failure type="java.lang.AssertionError" message="expected [JavaByKiran | log in] but found [JavaByKiran | Log in]">
      <![CDATA[java.lang.AssertionError: expected [JavaByKiran | log in] but found [JavaByKiran | Log in]
	at com.tests.DemoTest2.test01(DemoTest2.java:21)
... Removed 31 stack frames]]>
    </failure>
  </testcase> <!-- test01 -->
  <testcase name="test02" time="0.009" classname="com.tests.DemoTest2">
    <failure type="java.lang.AssertionError" message="expected [true] but found [false]">
      <![CDATA[java.lang.AssertionError: expected [true] but found [false]
	at com.tests.DemoTest2.test02(DemoTest2.java:27)
... Removed 29 stack frames]]>
    </failure>
  </testcase> <!-- test02 -->
  <testcase name="test03" time="0.008" classname="com.tests.DemoTest2">
    <skipped/>
  </testcase> <!-- test03 -->
</testsuite> <!-- Test -->
